0 info it worked if it ends with ok
1 verbose cli [ 'node', '/usr/local/bin/npm', 'install', '-g', 'grunt-cli' ]
2 info using npm@1.2.14
3 info using node@v0.10.0
4 verbose read json /usr/local/lib/package.json
5 verbose read json /usr/local/lib/package.json
6 verbose cache add [ 'grunt-cli', null ]
7 verbose cache add name=undefined spec="grunt-cli" args=["grunt-cli",null]
8 verbose parsed url { protocol: null,
8 verbose parsed url   slashes: null,
8 verbose parsed url   auth: null,
8 verbose parsed url   host: null,
8 verbose parsed url   port: null,
8 verbose parsed url   hostname: null,
8 verbose parsed url   hash: null,
8 verbose parsed url   search: null,
8 verbose parsed url   query: null,
8 verbose parsed url   pathname: 'grunt-cli',
8 verbose parsed url   path: 'grunt-cli',
8 verbose parsed url   href: 'grunt-cli' }
9 silly lockFile 671ef8ac-grunt-cli grunt-cli
10 verbose lock grunt-cli /Users/walkerkellywalker/.npm/671ef8ac-grunt-cli.lock
11 silly lockFile 671ef8ac-grunt-cli grunt-cli
12 silly lockFile 671ef8ac-grunt-cli grunt-cli
13 verbose addNamed [ 'grunt-cli', '' ]
14 verbose addNamed [ null, '' ]
15 silly lockFile d63f3d0b-grunt-cli grunt-cli@
16 verbose lock grunt-cli@ /Users/walkerkellywalker/.npm/d63f3d0b-grunt-cli.lock
17 silly addNameRange { name: 'grunt-cli', range: '', hasData: false }
18 verbose url raw grunt-cli
19 verbose url resolving [ 'https://registry.npmjs.org/', './grunt-cli' ]
20 verbose url resolved https://registry.npmjs.org/grunt-cli
21 info trying registry request attempt 1 at 13:00:37
22 http GET https://registry.npmjs.org/grunt-cli
23 http 200 https://registry.npmjs.org/grunt-cli
24 silly registry.get cb [ 200,
24 silly registry.get   { vary: 'Accept',
24 silly registry.get     server: 'CouchDB/1.3.0 (Erlang OTP/R15B03)',
24 silly registry.get     etag: '"2C8CZIEPGDPM7GO4KTQ0MKMAT"',
24 silly registry.get     date: 'Sat, 15 Jun 2013 20:00:38 GMT',
24 silly registry.get     'content-type': 'application/json',
24 silly registry.get     'content-length': '22803' } ]
25 silly addNameRange number 2 { name: 'grunt-cli', range: '', hasData: true }
26 silly addNameRange versions [ 'grunt-cli',
26 silly addNameRange   [ '0.1.0',
26 silly addNameRange     '0.1.1',
26 silly addNameRange     '0.1.2',
26 silly addNameRange     '0.1.3',
26 silly addNameRange     '0.1.4',
26 silly addNameRange     '0.1.5',
26 silly addNameRange     '0.1.6',
26 silly addNameRange     '0.1.7',
26 silly addNameRange     '0.1.8',
26 silly addNameRange     '0.1.9' ] ]
27 verbose addNamed [ 'grunt-cli', '0.1.9' ]
28 verbose addNamed [ '0.1.9', '0.1.9' ]
29 silly lockFile 8faf2ed8-grunt-cli-0-1-9 grunt-cli@0.1.9
30 verbose lock grunt-cli@0.1.9 /Users/walkerkellywalker/.npm/8faf2ed8-grunt-cli-0-1-9.lock
31 silly lockFile a0965bb5-rg-grunt-cli-grunt-cli-0-1-9-tgz https://registry.npmjs.org/grunt-cli/-/grunt-cli-0.1.9.tgz
32 verbose lock https://registry.npmjs.org/grunt-cli/-/grunt-cli-0.1.9.tgz /Users/walkerkellywalker/.npm/a0965bb5-rg-grunt-cli-grunt-cli-0-1-9-tgz.lock
33 verbose addRemoteTarball [ 'https://registry.npmjs.org/grunt-cli/-/grunt-cli-0.1.9.tgz',
33 verbose addRemoteTarball   '3f08bfb0bef30ba33083defe53efe0575cbe4e14' ]
34 info retry fetch attempt 1 at 13:00:38
35 verbose fetch to= /var/folders/g_/jnf41qy56q10v6h01_nxpcqc0000gn/T/npm-24945/1371326438584-0.9599507991224527/tmp.tgz
36 http GET https://registry.npmjs.org/grunt-cli/-/grunt-cli-0.1.9.tgz
37 http 200 https://registry.npmjs.org/grunt-cli/-/grunt-cli-0.1.9.tgz
38 silly shasum updated bytes 4320
39 info shasum 3f08bfb0bef30ba33083defe53efe0575cbe4e14
39 info shasum /var/folders/g_/jnf41qy56q10v6h01_nxpcqc0000gn/T/npm-24945/1371326438584-0.9599507991224527/tmp.tgz
40 verbose tar unpack /var/folders/g_/jnf41qy56q10v6h01_nxpcqc0000gn/T/npm-24945/1371326438584-0.9599507991224527/tmp.tgz
41 silly lockFile 86e1654d-38584-0-9599507991224527-package /var/folders/g_/jnf41qy56q10v6h01_nxpcqc0000gn/T/npm-24945/1371326438584-0.9599507991224527/package
42 verbose lock /var/folders/g_/jnf41qy56q10v6h01_nxpcqc0000gn/T/npm-24945/1371326438584-0.9599507991224527/package /Users/walkerkellywalker/.npm/86e1654d-38584-0-9599507991224527-package.lock
43 silly lockFile c82db63c-38584-0-9599507991224527-tmp-tgz /var/folders/g_/jnf41qy56q10v6h01_nxpcqc0000gn/T/npm-24945/1371326438584-0.9599507991224527/tmp.tgz
44 verbose lock /var/folders/g_/jnf41qy56q10v6h01_nxpcqc0000gn/T/npm-24945/1371326438584-0.9599507991224527/tmp.tgz /Users/walkerkellywalker/.npm/c82db63c-38584-0-9599507991224527-tmp-tgz.lock
45 silly gunzTarPerm modes [ '755', '644' ]
46 silly gunzTarPerm extractEntry package.json
47 silly gunzTarPerm extractEntry .npmignore
48 silly gunzTarPerm extractEntry README.md
49 silly gunzTarPerm extractEntry Gruntfile.js
50 silly gunzTarPerm extractEntry .travis.yml
51 silly gunzTarPerm extractEntry AUTHORS
52 silly gunzTarPerm extractEntry LICENSE-MIT
53 silly gunzTarPerm extractEntry bin/grunt
54 silly gunzTarPerm extractEntry completion/bash
55 silly gunzTarPerm extractEntry lib/cli.js
56 silly gunzTarPerm extractEntry lib/completion.js
57 silly gunzTarPerm extractEntry lib/info.js
58 verbose read json /var/folders/g_/jnf41qy56q10v6h01_nxpcqc0000gn/T/npm-24945/1371326438584-0.9599507991224527/package/package.json
59 silly lockFile 86e1654d-38584-0-9599507991224527-package /var/folders/g_/jnf41qy56q10v6h01_nxpcqc0000gn/T/npm-24945/1371326438584-0.9599507991224527/package
60 silly lockFile 86e1654d-38584-0-9599507991224527-package /var/folders/g_/jnf41qy56q10v6h01_nxpcqc0000gn/T/npm-24945/1371326438584-0.9599507991224527/package
61 silly lockFile c82db63c-38584-0-9599507991224527-tmp-tgz /var/folders/g_/jnf41qy56q10v6h01_nxpcqc0000gn/T/npm-24945/1371326438584-0.9599507991224527/tmp.tgz
62 silly lockFile c82db63c-38584-0-9599507991224527-tmp-tgz /var/folders/g_/jnf41qy56q10v6h01_nxpcqc0000gn/T/npm-24945/1371326438584-0.9599507991224527/tmp.tgz
63 verbose from cache /var/folders/g_/jnf41qy56q10v6h01_nxpcqc0000gn/T/npm-24945/1371326438584-0.9599507991224527/package/package.json
64 verbose tar pack [ '/Users/walkerkellywalker/.npm/grunt-cli/0.1.9/package.tgz',
64 verbose tar pack   '/var/folders/g_/jnf41qy56q10v6h01_nxpcqc0000gn/T/npm-24945/1371326438584-0.9599507991224527/package' ]
65 verbose tarball /Users/walkerkellywalker/.npm/grunt-cli/0.1.9/package.tgz
66 verbose folder /var/folders/g_/jnf41qy56q10v6h01_nxpcqc0000gn/T/npm-24945/1371326438584-0.9599507991224527/package
67 silly lockFile 86e1654d-38584-0-9599507991224527-package /var/folders/g_/jnf41qy56q10v6h01_nxpcqc0000gn/T/npm-24945/1371326438584-0.9599507991224527/package
68 verbose lock /var/folders/g_/jnf41qy56q10v6h01_nxpcqc0000gn/T/npm-24945/1371326438584-0.9599507991224527/package /Users/walkerkellywalker/.npm/86e1654d-38584-0-9599507991224527-package.lock
69 silly lockFile 42cb8707--npm-grunt-cli-0-1-9-package-tgz /Users/walkerkellywalker/.npm/grunt-cli/0.1.9/package.tgz
70 verbose lock /Users/walkerkellywalker/.npm/grunt-cli/0.1.9/package.tgz /Users/walkerkellywalker/.npm/42cb8707--npm-grunt-cli-0-1-9-package-tgz.lock
71 silly lockFile 86e1654d-38584-0-9599507991224527-package /var/folders/g_/jnf41qy56q10v6h01_nxpcqc0000gn/T/npm-24945/1371326438584-0.9599507991224527/package
72 silly lockFile 86e1654d-38584-0-9599507991224527-package /var/folders/g_/jnf41qy56q10v6h01_nxpcqc0000gn/T/npm-24945/1371326438584-0.9599507991224527/package
73 silly lockFile 42cb8707--npm-grunt-cli-0-1-9-package-tgz /Users/walkerkellywalker/.npm/grunt-cli/0.1.9/package.tgz
74 silly lockFile 42cb8707--npm-grunt-cli-0-1-9-package-tgz /Users/walkerkellywalker/.npm/grunt-cli/0.1.9/package.tgz
75 silly lockFile 9970838f-lker-npm-grunt-cli-0-1-9-package /Users/walkerkellywalker/.npm/grunt-cli/0.1.9/package
76 verbose lock /Users/walkerkellywalker/.npm/grunt-cli/0.1.9/package /Users/walkerkellywalker/.npm/9970838f-lker-npm-grunt-cli-0-1-9-package.lock
77 silly lockFile 9970838f-lker-npm-grunt-cli-0-1-9-package /Users/walkerkellywalker/.npm/grunt-cli/0.1.9/package
78 silly lockFile 9970838f-lker-npm-grunt-cli-0-1-9-package /Users/walkerkellywalker/.npm/grunt-cli/0.1.9/package
79 verbose tar unpack /Users/walkerkellywalker/.npm/grunt-cli/0.1.9/package.tgz
80 silly lockFile 9970838f-lker-npm-grunt-cli-0-1-9-package /Users/walkerkellywalker/.npm/grunt-cli/0.1.9/package
81 verbose lock /Users/walkerkellywalker/.npm/grunt-cli/0.1.9/package /Users/walkerkellywalker/.npm/9970838f-lker-npm-grunt-cli-0-1-9-package.lock
82 silly lockFile 42cb8707--npm-grunt-cli-0-1-9-package-tgz /Users/walkerkellywalker/.npm/grunt-cli/0.1.9/package.tgz
83 verbose lock /Users/walkerkellywalker/.npm/grunt-cli/0.1.9/package.tgz /Users/walkerkellywalker/.npm/42cb8707--npm-grunt-cli-0-1-9-package-tgz.lock
84 silly gunzTarPerm modes [ '755', '644' ]
85 silly gunzTarPerm extractEntry package.json
86 silly gunzTarPerm extractEntry .npmignore
87 silly gunzTarPerm extractEntry README.md
88 silly gunzTarPerm extractEntry Gruntfile.js
89 silly gunzTarPerm extractEntry .travis.yml
90 silly gunzTarPerm extractEntry AUTHORS
91 silly gunzTarPerm extractEntry LICENSE-MIT
92 silly gunzTarPerm extractEntry bin/grunt
93 silly gunzTarPerm extractEntry completion/bash
94 silly gunzTarPerm extractEntry lib/cli.js
95 silly gunzTarPerm extractEntry lib/completion.js
96 silly gunzTarPerm extractEntry lib/info.js
97 verbose read json /Users/walkerkellywalker/.npm/grunt-cli/0.1.9/package/package.json
98 silly lockFile 9970838f-lker-npm-grunt-cli-0-1-9-package /Users/walkerkellywalker/.npm/grunt-cli/0.1.9/package
99 silly lockFile 9970838f-lker-npm-grunt-cli-0-1-9-package /Users/walkerkellywalker/.npm/grunt-cli/0.1.9/package
100 silly lockFile 42cb8707--npm-grunt-cli-0-1-9-package-tgz /Users/walkerkellywalker/.npm/grunt-cli/0.1.9/package.tgz
101 silly lockFile 42cb8707--npm-grunt-cli-0-1-9-package-tgz /Users/walkerkellywalker/.npm/grunt-cli/0.1.9/package.tgz
102 silly shasum updated bytes 4320
103 info shasum 3f08bfb0bef30ba33083defe53efe0575cbe4e14
103 info shasum /Users/walkerkellywalker/.npm/grunt-cli/0.1.9/package.tgz
104 verbose from cache /Users/walkerkellywalker/.npm/grunt-cli/0.1.9/package/package.json
105 verbose chmod /Users/walkerkellywalker/.npm/grunt-cli/0.1.9/package.tgz 644
106 verbose chown /Users/walkerkellywalker/.npm/grunt-cli/0.1.9/package.tgz [ 501, 20 ]
107 silly lockFile a0965bb5-rg-grunt-cli-grunt-cli-0-1-9-tgz https://registry.npmjs.org/grunt-cli/-/grunt-cli-0.1.9.tgz
108 silly lockFile a0965bb5-rg-grunt-cli-grunt-cli-0-1-9-tgz https://registry.npmjs.org/grunt-cli/-/grunt-cli-0.1.9.tgz
109 silly lockFile 8faf2ed8-grunt-cli-0-1-9 grunt-cli@0.1.9
110 silly lockFile 8faf2ed8-grunt-cli-0-1-9 grunt-cli@0.1.9
111 silly lockFile d63f3d0b-grunt-cli grunt-cli@
112 silly lockFile d63f3d0b-grunt-cli grunt-cli@
113 silly resolved [ { name: 'grunt-cli',
113 silly resolved     description: 'The grunt command line interface.',
113 silly resolved     version: '0.1.9',
113 silly resolved     author: { name: 'Grunt Team' },
113 silly resolved     homepage: 'http://gruntjs.com/',
113 silly resolved     repository: { type: 'git', url: 'git://github.com/gruntjs/grunt-cli.git' },
113 silly resolved     bugs: { url: 'http://github.com/gruntjs/grunt-cli/issues' },
113 silly resolved     licenses: [ [Object] ],
113 silly resolved     bin: { grunt: 'bin/grunt' },
113 silly resolved     engines: { node: '>= 0.8.0' },
113 silly resolved     scripts: { test: 'node bin/grunt test' },
113 silly resolved     preferGlobal: true,
113 silly resolved     dependencies: { nopt: '~1.0.10', 'findup-sync': '~0.1.0', resolve: '~0.3.1' },
113 silly resolved     devDependencies: { grunt: '~0.4.0', 'grunt-contrib-jshint': '~0.2.0' },
113 silly resolved     contributors: [ [Object], [Object], [Object], [Object] ],
113 silly resolved     readme: '# grunt-cli [![Build Status](https://secure.travis-ci.org/gruntjs/grunt-cli.png?branch=master)](http://travis-ci.org/gruntjs/grunt-cli)\n> The Grunt command line interface.\n\nInstall this globally and you\'ll have access to the `grunt` command anywhere on your system.\n\n```shell\nnpm install -g grunt-cli\n```\n\n**Note:** The job of the `grunt` command is to load and run the version of Grunt you have installed locally to your project, irrespective of its version.  Starting with Grunt v0.4, you should never install Grunt itself globally.  For more information about why, [please read this](http://blog.nodejs.org/2011/03/23/npm-1-0-global-vs-local-installation).\n\nSee the [Getting Started](http://gruntjs.com/getting-started) guide for more information.\n\n## Shell tab auto-completion\nTo enable bash tab auto-completion for Grunt, add the following line to your `~/.bashrc` file. Currently, the only supported shell is bash.\n\n```bash\neval "$(grunt --completion=bash)"\n```\n\n## Installing grunt-cli locally\nIf you don\'t have administrator rights, you may need to install grunt-cli locally to your project using `npm install grunt-cli --save-dev`.  Unfortunately, this will not put the `grunt` executable in your PATH.  You\'ll need to specify its explicit location when executing it, eg: `./node_modules/.bin/grunt`,\n\nNote: Using grunt-cli in this way is unsupported.\n',
113 silly resolved     readmeFilename: 'README.md',
113 silly resolved     _id: 'grunt-cli@0.1.9',
113 silly resolved     dist: { shasum: '3f08bfb0bef30ba33083defe53efe0575cbe4e14' },
113 silly resolved     _from: 'grunt-cli@',
113 silly resolved     _resolved: 'https://registry.npmjs.org/grunt-cli/-/grunt-cli-0.1.9.tgz' } ]
114 info install grunt-cli@0.1.9 into /usr/local/lib
115 info installOne grunt-cli@0.1.9
116 verbose from cache /Users/walkerkellywalker/.npm/grunt-cli/0.1.9/package/package.json
117 info /usr/local/lib/node_modules/grunt-cli unbuild
118 verbose read json /usr/local/lib/node_modules/grunt-cli/package.json
119 verbose tar unpack /Users/walkerkellywalker/.npm/grunt-cli/0.1.9/package.tgz
120 silly lockFile 58f484da-local-lib-node-modules-grunt-cli /usr/local/lib/node_modules/grunt-cli
121 verbose lock /usr/local/lib/node_modules/grunt-cli /Users/walkerkellywalker/.npm/58f484da-local-lib-node-modules-grunt-cli.lock
122 silly lockFile 42cb8707--npm-grunt-cli-0-1-9-package-tgz /Users/walkerkellywalker/.npm/grunt-cli/0.1.9/package.tgz
123 verbose lock /Users/walkerkellywalker/.npm/grunt-cli/0.1.9/package.tgz /Users/walkerkellywalker/.npm/42cb8707--npm-grunt-cli-0-1-9-package-tgz.lock
124 silly gunzTarPerm modes [ '755', '644' ]
125 error Error: EACCES, mkdir '/usr/local/lib/node_modules/grunt-cli'
125 error  { [Error: EACCES, mkdir '/usr/local/lib/node_modules/grunt-cli']
125 error   errno: 3,
125 error   code: 'EACCES',
125 error   path: '/usr/local/lib/node_modules/grunt-cli',
125 error   fstream_type: 'Directory',
125 error   fstream_path: '/usr/local/lib/node_modules/grunt-cli',
125 error   fstream_class: 'DirWriter',
125 error   fstream_stack:
125 error    [ '/usr/local/lib/node_modules/npm/node_modules/fstream/lib/dir-writer.js:36:23',
125 error      '/usr/local/lib/node_modules/npm/node_modules/mkdirp/index.js:37:53',
125 error      'Object.oncomplete (fs.js:93:15)' ] }
126 error Please try running this command again as root/Administrator.
127 error System Darwin 11.4.0
128 error command "node" "/usr/local/bin/npm" "install" "-g" "grunt-cli"
129 error cwd /Users/walkerkellywalker/dott
130 error node -v v0.10.0
131 error npm -v 1.2.14
132 error path /usr/local/lib/node_modules/grunt-cli
133 error fstream_path /usr/local/lib/node_modules/grunt-cli
134 error fstream_type Directory
135 error fstream_class DirWriter
136 error code EACCES
137 error errno 3
138 error stack Error: EACCES, mkdir '/usr/local/lib/node_modules/grunt-cli'
139 error fstream_stack /usr/local/lib/node_modules/npm/node_modules/fstream/lib/dir-writer.js:36:23
139 error fstream_stack /usr/local/lib/node_modules/npm/node_modules/mkdirp/index.js:37:53
139 error fstream_stack Object.oncomplete (fs.js:93:15)
140 verbose exit [ 3, true ]
